c:\users\s331495\source\repos\info_grafica-asteroidsnew\openglapp\openglapp\debug\vc143.pdb
c:\users\s331495\source\repos\info_grafica-asteroidsnew\openglapp\openglapp\debug\vc143.idb
c:\users\s331495\source\repos\info_grafica-asteroidsnew\openglapp\openglapp\debug\utils.obj
c:\users\s331495\source\repos\info_grafica-asteroidsnew\openglapp\openglapp\debug\stb_image.obj
c:\users\s331495\source\repos\info_grafica-asteroidsnew\openglapp\openglapp\debug\shader_s.obj
c:\users\s331495\source\repos\info_grafica-asteroidsnew\openglapp\openglapp\debug\main.obj
c:\users\s331495\source\repos\info_grafica-asteroidsnew\openglapp\openglapp\debug\star.obj
c:\users\s331495\source\repos\info_grafica-asteroidsnew\openglapp\openglapp\debug\spaceship.obj
c:\users\s331495\source\repos\info_grafica-asteroidsnew\openglapp\openglapp\debug\projectile.obj
c:\users\s331495\source\repos\info_grafica-asteroidsnew\openglapp\openglapp\debug\parameters.obj
c:\users\s331495\source\repos\info_grafica-asteroidsnew\openglapp\openglapp\debug\object.obj
c:\users\s331495\source\repos\info_grafica-asteroidsnew\openglapp\openglapp\debug\letter.obj
c:\users\s331495\source\repos\info_grafica-asteroidsnew\openglapp\openglapp\debug\heart.obj
c:\users\s331495\source\repos\info_grafica-asteroidsnew\openglapp\openglapp\debug\instructions.obj
c:\users\s331495\source\repos\info_grafica-asteroidsnew\openglapp\openglapp\debug\homepage.obj
c:\users\s331495\source\repos\info_grafica-asteroidsnew\openglapp\openglapp\debug\game.obj
c:\users\s331495\source\repos\info_grafica-asteroidsnew\openglapp\openglapp\debug\endscreen.obj
c:\users\s331495\source\repos\info_grafica-asteroidsnew\openglapp\openglapp\debug\displaystring.obj
c:\users\s331495\source\repos\info_grafica-asteroidsnew\openglapp\openglapp\debug\asteroid.obj
c:\users\s331495\source\repos\info_grafica-asteroidsnew\openglapp\openglapp\debug\glad.obj
c:\users\s331495\source\repos\info_grafica-asteroidsnew\openglapp\debug\openglapp.pdb
c:\users\s331495\source\repos\info_grafica-asteroidsnew\openglapp\openglapp\debug\openglapp.tlog\cl.command.1.tlog
c:\users\s331495\source\repos\info_grafica-asteroidsnew\openglapp\openglapp\debug\openglapp.tlog\cl.read.1.tlog
c:\users\s331495\source\repos\info_grafica-asteroidsnew\openglapp\openglapp\debug\openglapp.tlog\cl.write.1.tlog
c:\users\s331495\source\repos\info_grafica-asteroidsnew\openglapp\openglapp\debug\openglapp.tlog\link-cvtres.read.1.tlog
c:\users\s331495\source\repos\info_grafica-asteroidsnew\openglapp\openglapp\debug\openglapp.tlog\link-cvtres.write.1.tlog
c:\users\s331495\source\repos\info_grafica-asteroidsnew\openglapp\openglapp\debug\openglapp.tlog\link-rc.read.1.tlog
c:\users\s331495\source\repos\info_grafica-asteroidsnew\openglapp\openglapp\debug\openglapp.tlog\link-rc.write.1.tlog
c:\users\s331495\source\repos\info_grafica-asteroidsnew\openglapp\openglapp\debug\openglapp.tlog\link.command.1.tlog
c:\users\s331495\source\repos\info_grafica-asteroidsnew\openglapp\openglapp\debug\openglapp.tlog\link.read.1.tlog
c:\users\s331495\source\repos\info_grafica-asteroidsnew\openglapp\openglapp\debug\openglapp.tlog\link.write.1.tlog
